<beans xmlns="http://www.springframework.org/schema/beans"
       xmlns:mvc="http://www.springframework.org/schema/mvc" xmlns:context="http://www.springframework.org/schema/context"
       xmlns:xsi="http://www.w3.org/2001/XMLSchema-instance"
       xsi:schemaLocation="
        http://www.springframework.org/schema/beans
        http://www.springframework.org/schema/beans/spring-beans.xsd
        http://www.springframework.org/schema/mvc
        http://www.springframework.org/schema/mvc/spring-mvc.xsd
        http://www.springframework.org/schema/context
        http://www.springframework.org/schema/context/spring-context.xsd">

    <context:property-placeholder location="classpath:application.properties" />
    <context:annotation-config/>
    <context:component-scan base-package="fr.univ_lyon1.etu.ewide" />

    <bean id="entityManagerFactory" class="org.springframework.orm.jpa.LocalContainerEntityManagerFactoryBean">
        <property name="dataSource" ref="dataSource" />
        <!-- This makes /META-INF/persistence.xml is no longer necessary -->
        <property name="packagesToScan" value="fr.univ_lyon1.etu.ewide.model" />
        <!-- JpaVendorAdapter implementation for Hibernate EntityManager.
             Exposes Hibernate's persistence provider and EntityManager extension interface -->
        <property name="jpaVendorAdapter">
            <bean class="org.springframework.orm.jpa.vendor.HibernateJpaVendorAdapter" />
        </property>
        <property name="jpaProperties">
            <props>
                <prop key="hibernate.hbm2ddl.auto">validate</prop>
                <prop key="hibernate.dialect">org.hibernate.dialect.MySQL5Dialect</prop>
            </props>
        </property>
    </bean>

    <bean id="dataSource" class="org.springframework.jdbc.datasource.DriverManagerDataSource">
         <property name="driverClassName" value="org.h2.Driver" />
         <property name="url" value="${application.db.url}" />
         <property name="username" value="admin" />
         <property name="password" value="admin" />
     </bean>
        <bean id="transactionManager" class="org.springframework.orm.jpa.JpaTransactionManager">
            <property name="entityManagerFactory" ref="entityManagerFactory" />
        </bean>
    </beans>